Determining if the pthread_create exist failed with the following output:
Change Dir: /home/daniel/catkin_ws/src/cmake-build-debug/CMakeFiles/CMakeTmp

Run Build Command:"/usr/bin/make" "cmTC_95af0/fast"
/usr/bin/make -f CMakeFiles/cmTC_95af0.dir/build.make CMakeFiles/cmTC_95af0.dir/build
make[1]: Entering directory '/home/daniel/catkin_ws/src/cmake-build-debug/CMakeFiles/CMakeTmp'
Building C object CMakeFiles/cmTC_95af0.dir/CheckSymbolExists.c.o
/usr/bin/cc    -o CMakeFiles/cmTC_95af0.dir/CheckSymbolExists.c.o   -c /home/daniel/catkin_ws/src/cmake-build-debug/CMakeFiles/CMakeTmp/CheckSymbolExists.c
Linking C executable cmTC_95af0
/media/daniel/Ubuntu/CLion/clion-2017.3.1/bin/cmake/bin/cmake -E cmake_link_script CMakeFiles/cmTC_95af0.dir/link.txt --verbose=1
/usr/bin/cc      -rdynamic CMakeFiles/cmTC_95af0.dir/CheckSymbolExists.c.o  -o cmTC_95af0 
CMakeFiles/cmTC_95af0.dir/CheckSymbolExists.c.o: In function `main':
CheckSymbolExists.c:(.text+0x16): undefined reference to `pthread_create'
collect2: error: ld returned 1 exit status
CMakeFiles/cmTC_95af0.dir/build.make:97: recipe for target 'cmTC_95af0' failed
make[1]: *** [cmTC_95af0] Error 1
make[1]: Leaving directory '/home/daniel/catkin_ws/src/cmake-build-debug/CMakeFiles/CMakeTmp'
Makefile:126: recipe for target 'cmTC_95af0/fast' failed
make: *** [cmTC_95af0/fast] Error 2

File /home/daniel/catkin_ws/src/cmake-build-debug/CMakeFiles/CMakeTmp/CheckSymbolExists.c:
/* */
#include <pthread.h>

int main(int argc, char** argv)
{
  (void)argv;
#ifndef pthread_create
  return ((int*)(&pthread_create))[argc];
#else
  (void)argc;
  return 0;
#endif
}

Determining if the function pthread_create exists in the pthreads failed with the following output:
Change Dir: /home/daniel/catkin_ws/src/cmake-build-debug/CMakeFiles/CMakeTmp

Run Build Command:"/usr/bin/make" "cmTC_c79c9/fast"
/usr/bin/make -f CMakeFiles/cmTC_c79c9.dir/build.make CMakeFiles/cmTC_c79c9.dir/build
make[1]: Entering directory '/home/daniel/catkin_ws/src/cmake-build-debug/CMakeFiles/CMakeTmp'
Building C object CMakeFiles/cmTC_c79c9.dir/CheckFunctionExists.c.o
/usr/bin/cc   -DCHECK_FUNCTION_EXISTS=pthread_create   -o CMakeFiles/cmTC_c79c9.dir/CheckFunctionExists.c.o   -c /media/daniel/Ubuntu/CLion/clion-2017.3.1/bin/cmake/share/cmake-3.9/Modules/CheckFunctionExists.c
Linking C executable cmTC_c79c9
/media/daniel/Ubuntu/CLion/clion-2017.3.1/bin/cmake/bin/cmake -E cmake_link_script CMakeFiles/cmTC_c79c9.dir/link.txt --verbose=1
/usr/bin/cc  -DCHECK_FUNCTION_EXISTS=pthread_create    -rdynamic CMakeFiles/cmTC_c79c9.dir/CheckFunctionExists.c.o  -o cmTC_c79c9 -lpthreads 
/usr/bin/ld: cannot find -lpthreads
collect2: error: ld returned 1 exit status
CMakeFiles/cmTC_c79c9.dir/build.make:97: recipe for target 'cmTC_c79c9' failed
make[1]: *** [cmTC_c79c9] Error 1
make[1]: Leaving directory '/home/daniel/catkin_ws/src/cmake-build-debug/CMakeFiles/CMakeTmp'
Makefile:126: recipe for target 'cmTC_c79c9/fast' failed
make: *** [cmTC_c79c9/fast] Error 2


